2019-09-26 19:18:21,918 - knowledge_transfer - INFO - Working on dataset ./train_all_data/500_ops_20exs cifar10
2019-09-26 19:18:21,918 - knowledge_transfer - INFO - Observer cifar10_21_cl_9_6.npy
2019-09-26 19:18:21,918 - knowledge_transfer - INFO - initialize data
2019-09-26 19:18:29,872 - knowledge_transfer - INFO - test with geneo init
2019-09-26 19:18:30,028 - knowledge_transfer - INFO - input_shape (128, 128, 1)
2019-09-26 19:18:30,071 - knowledge_transfer - INFO - from intializer (21, 21, 1, 64)
2019-09-26 19:19:17,136 - knowledge_transfer - INFO - glorot uniform initialization
2019-09-26 19:19:17,137 - knowledge_transfer - INFO - input_shape (128, 128, 1)
2019-09-26 19:20:00,121 - knowledge_transfer - INFO - Observer cifar10_7_cl_9_6.npy
2019-09-26 19:20:00,122 - knowledge_transfer - INFO - initialize data
2019-09-26 19:20:08,023 - knowledge_transfer - INFO - test with geneo init
2019-09-26 19:20:08,073 - knowledge_transfer - INFO - input_shape (128, 128, 1)
2019-09-26 19:20:08,098 - knowledge_transfer - INFO - from intializer (7, 7, 1, 64)
2019-09-26 19:20:44,372 - knowledge_transfer - INFO - glorot uniform initialization
2019-09-26 19:20:44,372 - knowledge_transfer - INFO - input_shape (128, 128, 1)
2019-09-26 19:22:29,940 - knowledge_transfer - INFO - Observer cifar10_11_cl_9_6.npy
2019-09-26 19:22:29,941 - knowledge_transfer - INFO - initialize data
2019-09-26 19:22:37,693 - knowledge_transfer - INFO - test with geneo init
2019-09-26 19:22:37,740 - knowledge_transfer - INFO - input_shape (128, 128, 1)
2019-09-26 19:22:37,764 - knowledge_transfer - INFO - from intializer (11, 11, 1, 64)
2019-09-26 19:23:10,940 - knowledge_transfer - INFO - glorot uniform initialization
2019-09-26 19:23:10,941 - knowledge_transfer - INFO - input_shape (128, 128, 1)
2019-09-26 19:23:48,293 - knowledge_transfer - INFO - Working on dataset ./train_all_data/500_ops_20exs fashion_mnist
2019-09-26 19:23:48,294 - knowledge_transfer - INFO - Observer fashion_mnist_7_cl_7_0.npy
2019-09-26 19:23:48,294 - knowledge_transfer - INFO - data already initialised
2019-09-26 19:23:48,310 - knowledge_transfer - INFO - test with geneo init
2019-09-26 19:23:48,361 - knowledge_transfer - INFO - input_shape (128, 128, 1)
2019-09-26 19:23:48,386 - knowledge_transfer - INFO - from intializer (7, 7, 1, 64)
2019-09-26 19:24:58,512 - knowledge_transfer - INFO - glorot uniform initialization
2019-09-26 19:24:58,512 - knowledge_transfer - INFO - input_shape (128, 128, 1)
2019-09-26 19:25:42,846 - knowledge_transfer - INFO - Observer fashion_mnist_11_cl_7_0.npy
2019-09-26 19:25:42,847 - knowledge_transfer - INFO - data already initialised
2019-09-26 19:25:42,866 - knowledge_transfer - INFO - test with geneo init
2019-09-26 19:25:42,916 - knowledge_transfer - INFO - input_shape (128, 128, 1)
2019-09-26 19:25:42,941 - knowledge_transfer - INFO - from intializer (11, 11, 1, 64)
2019-09-26 19:26:23,533 - knowledge_transfer - INFO - glorot uniform initialization
2019-09-26 19:26:23,534 - knowledge_transfer - INFO - input_shape (128, 128, 1)
2019-09-26 19:26:54,292 - knowledge_transfer - INFO - Observer fashion_mnist_21_cl_7_0.npy
2019-09-26 19:26:54,292 - knowledge_transfer - INFO - data already initialised
2019-09-26 19:26:54,327 - knowledge_transfer - INFO - test with geneo init
2019-09-26 19:26:54,380 - knowledge_transfer - INFO - input_shape (128, 128, 1)
2019-09-26 19:26:54,406 - knowledge_transfer - INFO - from intializer (21, 21, 1, 64)
2019-09-26 19:27:33,156 - knowledge_transfer - INFO - glorot uniform initialization
2019-09-26 19:27:33,157 - knowledge_transfer - INFO - input_shape (128, 128, 1)
2019-09-26 19:28:34,323 - knowledge_transfer - INFO - Working on dataset ./train_all_data/500_ops_20exs mnist
2019-09-26 19:28:34,324 - knowledge_transfer - INFO - Observer mnist_7_cl_7_5.npy
2019-09-26 19:28:34,324 - knowledge_transfer - INFO - data already initialised
2019-09-26 19:28:34,339 - knowledge_transfer - INFO - test with geneo init
2019-09-26 19:28:34,387 - knowledge_transfer - INFO - input_shape (128, 128, 1)
2019-09-26 19:28:34,410 - knowledge_transfer - INFO - from intializer (7, 7, 1, 64)
2019-09-26 19:29:09,041 - knowledge_transfer - INFO - glorot uniform initialization
2019-09-26 19:29:09,042 - knowledge_transfer - INFO - input_shape (128, 128, 1)
2019-09-26 19:29:57,518 - knowledge_transfer - INFO - Observer mnist_21_cl_7_5.npy
2019-09-26 19:29:57,519 - knowledge_transfer - INFO - data already initialised
2019-09-26 19:29:57,553 - knowledge_transfer - INFO - test with geneo init
2019-09-26 19:29:57,604 - knowledge_transfer - INFO - input_shape (128, 128, 1)
2019-09-26 19:29:57,628 - knowledge_transfer - INFO - from intializer (21, 21, 1, 64)
2019-09-26 19:30:44,470 - knowledge_transfer - INFO - glorot uniform initialization
2019-09-26 19:30:44,471 - knowledge_transfer - INFO - input_shape (128, 128, 1)
2019-09-26 19:31:23,971 - knowledge_transfer - INFO - Observer mnist_11_cl_7_5.npy
2019-09-26 19:31:23,971 - knowledge_transfer - INFO - data already initialised
2019-09-26 19:31:23,989 - knowledge_transfer - INFO - test with geneo init
2019-09-26 19:31:24,035 - knowledge_transfer - INFO - input_shape (128, 128, 1)
2019-09-26 19:31:24,057 - knowledge_transfer - INFO - from intializer (11, 11, 1, 64)
2019-09-26 19:31:45,489 - knowledge_transfer - INFO - glorot uniform initialization
2019-09-26 19:31:45,490 - knowledge_transfer - INFO - input_shape (128, 128, 1)
2019-09-26 19:32:40,448 - knowledge_transfer - INFO - Working on dataset ./train_all_data/500_ops_40exs cifar10
2019-09-26 19:32:40,448 - knowledge_transfer - INFO - Observer cifar10_7_cl_4_0.npy
2019-09-26 19:32:40,448 - knowledge_transfer - INFO - initialize data
2019-09-26 19:32:48,419 - knowledge_transfer - INFO - test with geneo init
2019-09-26 19:32:48,466 - knowledge_transfer - INFO - input_shape (128, 128, 1)
2019-09-26 19:32:48,488 - knowledge_transfer - INFO - from intializer (7, 7, 1, 64)
2019-09-26 19:33:09,804 - knowledge_transfer - INFO - glorot uniform initialization
2019-09-26 19:33:09,805 - knowledge_transfer - INFO - input_shape (128, 128, 1)
2019-09-26 19:33:32,028 - knowledge_transfer - INFO - Observer cifar10_11_cl_4_0.npy
2019-09-26 19:33:32,028 - knowledge_transfer - INFO - initialize data
2019-09-26 19:33:40,195 - knowledge_transfer - INFO - test with geneo init
2019-09-26 19:33:40,243 - knowledge_transfer - INFO - input_shape (128, 128, 1)
2019-09-26 19:33:40,266 - knowledge_transfer - INFO - from intializer (11, 11, 1, 64)
2019-09-26 19:34:01,804 - knowledge_transfer - INFO - glorot uniform initialization
2019-09-26 19:34:01,804 - knowledge_transfer - INFO - input_shape (128, 128, 1)
2019-09-26 19:34:23,771 - knowledge_transfer - INFO - Observer cifar10_21_cl_4_0.npy
2019-09-26 19:34:23,772 - knowledge_transfer - INFO - initialize data
2019-09-26 19:34:31,836 - knowledge_transfer - INFO - test with geneo init
2019-09-26 19:34:31,883 - knowledge_transfer - INFO - input_shape (128, 128, 1)
2019-09-26 19:34:31,907 - knowledge_transfer - INFO - from intializer (21, 21, 1, 64)
2019-09-26 19:35:11,451 - knowledge_transfer - INFO - glorot uniform initialization
2019-09-26 19:35:11,451 - knowledge_transfer - INFO - input_shape (128, 128, 1)
2019-09-26 19:35:36,822 - knowledge_transfer - INFO - Working on dataset ./train_all_data/500_ops_40exs fashion_mnist
2019-09-26 19:35:36,822 - knowledge_transfer - INFO - Observer fashion_mnist_7_cl_6_2.npy
2019-09-26 19:35:36,822 - knowledge_transfer - INFO - data already initialised
2019-09-26 19:35:36,837 - knowledge_transfer - INFO - test with geneo init
2019-09-26 19:35:36,888 - knowledge_transfer - INFO - input_shape (128, 128, 1)
2019-09-26 19:35:36,911 - knowledge_transfer - INFO - from intializer (7, 7, 1, 64)
2019-09-26 19:35:59,208 - knowledge_transfer - INFO - glorot uniform initialization
2019-09-26 19:35:59,208 - knowledge_transfer - INFO - input_shape (128, 128, 1)
2019-09-26 19:36:22,222 - knowledge_transfer - INFO - Observer fashion_mnist_11_cl_6_2.npy
2019-09-26 19:36:22,223 - knowledge_transfer - INFO - data already initialised
2019-09-26 19:36:22,241 - knowledge_transfer - INFO - test with geneo init
2019-09-26 19:36:22,292 - knowledge_transfer - INFO - input_shape (128, 128, 1)
2019-09-26 19:36:22,317 - knowledge_transfer - INFO - from intializer (11, 11, 1, 64)
2019-09-26 19:36:44,931 - knowledge_transfer - INFO - glorot uniform initialization
2019-09-26 19:36:44,931 - knowledge_transfer - INFO - input_shape (128, 128, 1)
2019-09-26 19:37:08,110 - knowledge_transfer - INFO - Observer fashion_mnist_21_cl_6_2.npy
2019-09-26 19:37:08,110 - knowledge_transfer - INFO - data already initialised
2019-09-26 19:37:08,144 - knowledge_transfer - INFO - test with geneo init
2019-09-26 19:37:08,196 - knowledge_transfer - INFO - input_shape (128, 128, 1)
2019-09-26 19:37:08,221 - knowledge_transfer - INFO - from intializer (21, 21, 1, 64)
2019-09-26 19:37:33,378 - knowledge_transfer - INFO - glorot uniform initialization
2019-09-26 19:37:33,378 - knowledge_transfer - INFO - input_shape (128, 128, 1)
2019-09-26 19:37:59,060 - knowledge_transfer - INFO - Working on dataset ./train_all_data/500_ops_40exs mnist
2019-09-26 19:37:59,061 - knowledge_transfer - INFO - Observer mnist_7_cl_3_8.npy
2019-09-26 19:37:59,061 - knowledge_transfer - INFO - data already initialised
2019-09-26 19:37:59,075 - knowledge_transfer - INFO - test with geneo init
2019-09-26 19:37:59,126 - knowledge_transfer - INFO - input_shape (128, 128, 1)
2019-09-26 19:37:59,150 - knowledge_transfer - INFO - from intializer (7, 7, 1, 64)
2019-09-26 19:38:21,889 - knowledge_transfer - INFO - glorot uniform initialization
2019-09-26 19:38:21,889 - knowledge_transfer - INFO - input_shape (128, 128, 1)
2019-09-26 19:38:45,669 - knowledge_transfer - INFO - Observer mnist_11_cl_3_8.npy
2019-09-26 19:38:45,669 - knowledge_transfer - INFO - data already initialised
2019-09-26 19:38:45,687 - knowledge_transfer - INFO - test with geneo init
2019-09-26 19:38:45,738 - knowledge_transfer - INFO - input_shape (128, 128, 1)
2019-09-26 19:38:45,767 - knowledge_transfer - INFO - from intializer (11, 11, 1, 64)
2019-09-26 19:39:08,997 - knowledge_transfer - INFO - glorot uniform initialization
2019-09-26 19:39:08,997 - knowledge_transfer - INFO - input_shape (128, 128, 1)
2019-09-26 19:39:32,476 - knowledge_transfer - INFO - Observer mnist_21_cl_3_8.npy
2019-09-26 19:39:32,476 - knowledge_transfer - INFO - data already initialised
2019-09-26 19:39:32,513 - knowledge_transfer - INFO - test with geneo init
2019-09-26 19:39:32,564 - knowledge_transfer - INFO - input_shape (128, 128, 1)
2019-09-26 19:39:32,588 - knowledge_transfer - INFO - from intializer (21, 21, 1, 64)
2019-09-26 19:39:58,079 - knowledge_transfer - INFO - glorot uniform initialization
2019-09-26 19:39:58,079 - knowledge_transfer - INFO - input_shape (128, 128, 1)
2019-09-26 19:40:24,148 - knowledge_transfer - INFO - Working on dataset ./train_all_data/750_ops_20exs cifar10
2019-09-26 19:40:24,148 - knowledge_transfer - INFO - Observer cifar10_21_cl_1_7.npy
2019-09-26 19:40:24,148 - knowledge_transfer - INFO - initialize data
2019-09-26 19:40:32,371 - knowledge_transfer - INFO - test with geneo init
2019-09-26 19:40:32,420 - knowledge_transfer - INFO - input_shape (128, 128, 1)
2019-09-26 19:40:32,446 - knowledge_transfer - INFO - from intializer (21, 21, 1, 64)
2019-09-26 19:41:44,905 - knowledge_transfer - INFO - glorot uniform initialization
2019-09-26 19:41:44,906 - knowledge_transfer - INFO - input_shape (128, 128, 1)
2019-09-26 19:42:57,386 - knowledge_transfer - INFO - Observer cifar10_7_cl_1_7.npy
2019-09-26 19:42:57,386 - knowledge_transfer - INFO - initialize data
2019-09-26 19:43:05,645 - knowledge_transfer - INFO - test with geneo init
2019-09-26 19:43:05,693 - knowledge_transfer - INFO - input_shape (128, 128, 1)
2019-09-26 19:43:05,717 - knowledge_transfer - INFO - from intializer (7, 7, 1, 64)
2019-09-26 19:43:50,083 - knowledge_transfer - INFO - glorot uniform initialization
2019-09-26 19:43:50,083 - knowledge_transfer - INFO - input_shape (128, 128, 1)
2019-09-26 19:44:24,538 - knowledge_transfer - INFO - Observer cifar10_11_cl_1_7.npy
2019-09-26 19:44:24,538 - knowledge_transfer - INFO - initialize data
2019-09-26 19:44:32,522 - knowledge_transfer - INFO - test with geneo init
2019-09-26 19:44:32,568 - knowledge_transfer - INFO - input_shape (128, 128, 1)
2019-09-26 19:44:32,590 - knowledge_transfer - INFO - from intializer (11, 11, 1, 64)
2019-09-26 19:45:16,743 - knowledge_transfer - INFO - glorot uniform initialization
2019-09-26 19:45:16,744 - knowledge_transfer - INFO - input_shape (128, 128, 1)
2019-09-26 19:46:08,420 - knowledge_transfer - INFO - Working on dataset ./train_all_data/750_ops_20exs fashion_mnist
2019-09-26 19:46:08,421 - knowledge_transfer - INFO - Observer fashion_mnist_11_cl_4_5.npy
2019-09-26 19:46:08,421 - knowledge_transfer - INFO - data already initialised
2019-09-26 19:46:08,448 - knowledge_transfer - INFO - test with geneo init
2019-09-26 19:46:08,499 - knowledge_transfer - INFO - input_shape (128, 128, 1)
2019-09-26 19:46:08,522 - knowledge_transfer - INFO - from intializer (11, 11, 1, 64)
2019-09-26 19:46:56,734 - knowledge_transfer - INFO - glorot uniform initialization
2019-09-26 19:46:56,734 - knowledge_transfer - INFO - input_shape (128, 128, 1)
2019-09-26 19:47:31,566 - knowledge_transfer - INFO - Observer fashion_mnist_7_cl_4_5.npy
2019-09-26 19:47:31,566 - knowledge_transfer - INFO - data already initialised
2019-09-26 19:47:31,590 - knowledge_transfer - INFO - test with geneo init
2019-09-26 19:47:31,642 - knowledge_transfer - INFO - input_shape (128, 128, 1)
2019-09-26 19:47:31,667 - knowledge_transfer - INFO - from intializer (7, 7, 1, 64)
2019-09-26 19:49:02,770 - knowledge_transfer - INFO - glorot uniform initialization
2019-09-26 19:49:02,771 - knowledge_transfer - INFO - input_shape (128, 128, 1)
2019-09-26 19:49:45,129 - knowledge_transfer - INFO - Observer fashion_mnist_21_cl_4_5.npy
2019-09-26 19:49:45,129 - knowledge_transfer - INFO - data already initialised
2019-09-26 19:49:45,178 - knowledge_transfer - INFO - test with geneo init
2019-09-26 19:49:45,229 - knowledge_transfer - INFO - input_shape (128, 128, 1)
2019-09-26 19:49:45,253 - knowledge_transfer - INFO - from intializer (21, 21, 1, 64)
2019-09-26 19:52:19,952 - knowledge_transfer - INFO - glorot uniform initialization
2019-09-26 19:52:19,952 - knowledge_transfer - INFO - input_shape (128, 128, 1)
2019-09-26 19:53:13,775 - knowledge_transfer - INFO - Working on dataset ./train_all_data/750_ops_20exs mnist
2019-09-26 19:53:13,775 - knowledge_transfer - INFO - Observer mnist_7_cl_5_7.npy
2019-09-26 19:53:13,775 - knowledge_transfer - INFO - data already initialised
2019-09-26 19:53:13,798 - knowledge_transfer - INFO - test with geneo init
2019-09-26 19:53:13,850 - knowledge_transfer - INFO - input_shape (128, 128, 1)
2019-09-26 19:53:13,873 - knowledge_transfer - INFO - from intializer (7, 7, 1, 64)
2019-09-26 19:54:13,307 - knowledge_transfer - INFO - glorot uniform initialization
2019-09-26 19:54:13,307 - knowledge_transfer - INFO - input_shape (128, 128, 1)
2019-09-26 19:54:55,732 - knowledge_transfer - INFO - Observer mnist_21_cl_5_7.npy
2019-09-26 19:54:55,732 - knowledge_transfer - INFO - data already initialised
2019-09-26 19:54:55,781 - knowledge_transfer - INFO - test with geneo init
2019-09-26 19:54:55,831 - knowledge_transfer - INFO - input_shape (128, 128, 1)
2019-09-26 19:54:55,855 - knowledge_transfer - INFO - from intializer (21, 21, 1, 64)
2019-09-26 19:56:38,753 - knowledge_transfer - INFO - glorot uniform initialization
2019-09-26 19:56:38,754 - knowledge_transfer - INFO - input_shape (128, 128, 1)
2019-09-26 19:57:53,560 - knowledge_transfer - INFO - Observer mnist_11_cl_5_7.npy
2019-09-26 19:57:53,560 - knowledge_transfer - INFO - data already initialised
2019-09-26 19:57:53,589 - knowledge_transfer - INFO - test with geneo init
2019-09-26 19:57:53,640 - knowledge_transfer - INFO - input_shape (128, 128, 1)
2019-09-26 19:57:53,664 - knowledge_transfer - INFO - from intializer (11, 11, 1, 64)
2019-09-26 19:58:42,887 - knowledge_transfer - INFO - glorot uniform initialization
2019-09-26 19:58:42,887 - knowledge_transfer - INFO - input_shape (128, 128, 1)
